2025-11-03T19:29:52.755+09:00  INFO 33256 --- [hello-spring-api] [restartedMain] c.e.h.HellospringapiApplication          : Starting HellospringapiApplication using Java 21.0.8 with PID 33256 (/Users/songhansol/Desktop/code/Learn/java_spring/중급 개발자 로드맵/phase1_hellospringapi/build/classes/java/main started by songhansol in /Users/songhansol/Desktop/code/Learn/java_spring/중급 개발자 로드맵/phase1_hellospringapi)
2025-11-03T19:29:52.756+09:00 DEBUG 33256 --- [hello-spring-api] [restartedMain] c.e.h.HellospringapiApplication          : Running with Spring Boot v3.5.7, Spring v6.2.12
2025-11-03T19:29:52.756+09:00  INFO 33256 --- [hello-spring-api] [restartedMain] c.e.h.HellospringapiApplication          : No active profile set, falling back to 1 default profile: "default"
2025-11-03T19:29:52.775+09:00  INFO 33256 --- [hello-spring-api] [restartedMain] .e.DevToolsPropertyDefaultsPostProcessor : Devtools property defaults active! Set 'spring.devtools.add-properties' to 'false' to disable
2025-11-03T19:29:52.776+09:00  INFO 33256 --- [hello-spring-api] [restartedMain] .e.DevToolsPropertyDefaultsPostProcessor : For additional web related logging consider setting the 'logging.level.web' property to 'DEBUG'
2025-11-03T19:29:53.187+09:00  INFO 33256 --- [hello-spring-api] [restartedMain] o.s.b.w.embedded.tomcat.TomcatWebServer  : Tomcat initialized with port 8080 (http)
2025-11-03T19:29:53.218+09:00  INFO 33256 --- [hello-spring-api] [restartedMain] o.apache.catalina.core.StandardService   : Starting service [Tomcat]
2025-11-03T19:29:53.218+09:00  INFO 33256 --- [hello-spring-api] [restartedMain] o.apache.catalina.core.StandardEngine    : Starting Servlet engine: [Apache Tomcat/10.1.48]
2025-11-03T19:29:53.263+09:00  INFO 33256 --- [hello-spring-api] [restartedMain] o.a.c.c.C.[Tomcat].[localhost].[/]       : Initializing Spring embedded WebApplicationContext
2025-11-03T19:29:53.264+09:00  INFO 33256 --- [hello-spring-api] [restartedMain] w.s.c.ServletWebServerApplicationContext : Root WebApplicationContext: initialization completed in 488 ms
2025-11-03T19:29:53.433+09:00 DEBUG 33256 --- [hello-spring-api] [restartedMain] s.w.s.m.m.a.RequestMappingHandlerMapping : 9 mappings in 'requestMappingHandlerMapping'
2025-11-03T19:29:53.563+09:00 DEBUG 33256 --- [hello-spring-api] [restartedMain] o.s.w.s.handler.SimpleUrlHandlerMapping  : Patterns [/webjars/**, /**, /swagger-ui*/*swagger-initializer.js, /swagger-ui*/**] in 'resourceHandlerMapping'
2025-11-03T19:29:53.575+09:00 DEBUG 33256 --- [hello-spring-api] [restartedMain] s.w.s.m.m.a.RequestMappingHandlerAdapter : ControllerAdvice beans: 0 @ModelAttribute, 0 @InitBinder, 1 RequestBodyAdvice, 1 ResponseBodyAdvice
2025-11-03T19:29:53.592+09:00 DEBUG 33256 --- [hello-spring-api] [restartedMain] .m.m.a.ExceptionHandlerExceptionResolver : ControllerAdvice beans: 2 @ExceptionHandler, 1 ResponseBodyAdvice
2025-11-03T19:29:53.643+09:00  INFO 33256 --- [hello-spring-api] [restartedMain] o.s.b.d.a.OptionalLiveReloadServer       : LiveReload server is running on port 35729
2025-11-03T19:29:53.656+09:00  INFO 33256 --- [hello-spring-api] [restartedMain] o.s.b.w.embedded.tomcat.TomcatWebServer  : Tomcat started on port 8080 (http) with context path '/'
2025-11-03T19:29:53.661+09:00  INFO 33256 --- [hello-spring-api] [restartedMain] c.e.h.HellospringapiApplication          : Started HellospringapiApplication in 1.102 seconds (process running for 1.27)
2025-11-03T19:29:54.334+09:00  INFO 33256 --- [hello-spring-api] [http-nio-8080-exec-1] o.a.c.c.C.[Tomcat].[localhost].[/]       : Initializing Spring DispatcherServlet 'dispatcherServlet'
2025-11-03T19:29:54.334+09:00  INFO 33256 --- [hello-spring-api] [http-nio-8080-exec-1] o.s.web.servlet.DispatcherServlet        : Initializing Servlet 'dispatcherServlet'
2025-11-03T19:29:54.335+09:00 DEBUG 33256 --- [hello-spring-api] [http-nio-8080-exec-1] o.s.web.servlet.DispatcherServlet        : Detected StandardServletMultipartResolver
2025-11-03T19:29:54.335+09:00 DEBUG 33256 --- [hello-spring-api] [http-nio-8080-exec-1] o.s.web.servlet.DispatcherServlet        : Detected AcceptHeaderLocaleResolver
2025-11-03T19:29:54.335+09:00 DEBUG 33256 --- [hello-spring-api] [http-nio-8080-exec-1] o.s.web.servlet.DispatcherServlet        : Detected FixedThemeResolver
2025-11-03T19:29:54.335+09:00 DEBUG 33256 --- [hello-spring-api] [http-nio-8080-exec-1] o.s.web.servlet.DispatcherServlet        : Detected org.springframework.web.servlet.view.DefaultRequestToViewNameTranslator@422aaa38
2025-11-03T19:29:54.335+09:00 DEBUG 33256 --- [hello-spring-api] [http-nio-8080-exec-1] o.s.web.servlet.DispatcherServlet        : Detected org.springframework.web.servlet.support.SessionFlashMapManager@7bbfb942
2025-11-03T19:29:54.336+09:00 DEBUG 33256 --- [hello-spring-api] [http-nio-8080-exec-1] o.s.web.servlet.DispatcherServlet        : enableLoggingRequestDetails='false': request parameters and headers will be masked to prevent unsafe logging of potentially sensitive data
2025-11-03T19:29:54.336+09:00  INFO 33256 --- [hello-spring-api] [http-nio-8080-exec-1] o.s.web.servlet.DispatcherServlet        : Completed initialization in 2 ms
2025-11-03T19:29:54.340+09:00 DEBUG 33256 --- [hello-spring-api] [http-nio-8080-exec-1] o.s.web.servlet.DispatcherServlet        : GET "/swagger-ui.html", parameters={}
2025-11-03T19:29:54.345+09:00 DEBUG 33256 --- [hello-spring-api] [http-nio-8080-exec-1] s.w.s.m.m.a.RequestMappingHandlerMapping : Mapped to org.springdoc.webmvc.ui.SwaggerWelcomeWebMvc#redirectToUi(HttpServletRequest)
2025-11-03T19:29:54.369+09:00 DEBUG 33256 --- [hello-spring-api] [http-nio-8080-exec-1] o.s.w.s.m.m.a.HttpEntityMethodProcessor  : Using 'application/json;q=0.8', given [text/html, application/xhtml+xml, image/avif, image/webp, image/apng, application/xml;q=0.9, */*;q=0.8, application/signed-exchange;v=b3;q=0.7] and supported [application/json, application/*+json, application/yaml]
2025-11-03T19:29:54.369+09:00 DEBUG 33256 --- [hello-spring-api] [http-nio-8080-exec-1] o.s.w.s.m.m.a.HttpEntityMethodProcessor  : Nothing to write: null body
2025-11-03T19:29:54.370+09:00 DEBUG 33256 --- [hello-spring-api] [http-nio-8080-exec-1] o.s.web.servlet.DispatcherServlet        : Completed 302 FOUND
2025-11-03T19:29:54.374+09:00 DEBUG 33256 --- [hello-spring-api] [http-nio-8080-exec-2] o.s.web.servlet.DispatcherServlet        : GET "/swagger-ui/index.html", parameters={}
2025-11-03T19:29:54.376+09:00 DEBUG 33256 --- [hello-spring-api] [http-nio-8080-exec-2] o.s.w.s.handler.SimpleUrlHandlerMapping  : Mapped to ResourceHttpRequestHandler [classpath [META-INF/resources/webjars/]]
2025-11-03T19:29:54.379+09:00 DEBUG 33256 --- [hello-spring-api] [http-nio-8080-exec-2] o.s.web.servlet.DispatcherServlet        : Completed 200 OK
2025-11-03T19:29:54.397+09:00 DEBUG 33256 --- [hello-spring-api] [http-nio-8080-exec-3] o.s.web.servlet.DispatcherServlet        : GET "/swagger-ui/swagger-ui.css", parameters={}
2025-11-03T19:29:54.397+09:00 DEBUG 33256 --- [hello-spring-api] [http-nio-8080-exec-4] o.s.web.servlet.DispatcherServlet        : GET "/swagger-ui/index.css", parameters={}
2025-11-03T19:29:54.397+09:00 DEBUG 33256 --- [hello-spring-api] [http-nio-8080-exec-5] o.s.web.servlet.DispatcherServlet        : GET "/swagger-ui/swagger-ui-bundle.js", parameters={}
2025-11-03T19:29:54.397+09:00 DEBUG 33256 --- [hello-spring-api] [http-nio-8080-exec-7] o.s.web.servlet.DispatcherServlet        : GET "/swagger-ui/swagger-initializer.js", parameters={}
2025-11-03T19:29:54.397+09:00 DEBUG 33256 --- [hello-spring-api] [http-nio-8080-exec-4] o.s.w.s.handler.SimpleUrlHandlerMapping  : Mapped to ResourceHttpRequestHandler [classpath [META-INF/resources/webjars/]]
2025-11-03T19:29:54.397+09:00 DEBUG 33256 --- [hello-spring-api] [http-nio-8080-exec-7] o.s.w.s.handler.SimpleUrlHandlerMapping  : Mapped to ResourceHttpRequestHandler [classpath [META-INF/resources/webjars/]]
2025-11-03T19:29:54.397+09:00 DEBUG 33256 --- [hello-spring-api] [http-nio-8080-exec-3] o.s.w.s.handler.SimpleUrlHandlerMapping  : Mapped to ResourceHttpRequestHandler [classpath [META-INF/resources/webjars/]]
2025-11-03T19:29:54.398+09:00 DEBUG 33256 --- [hello-spring-api] [http-nio-8080-exec-6] o.s.web.servlet.DispatcherServlet        : GET "/swagger-ui/swagger-ui-standalone-preset.js", parameters={}
2025-11-03T19:29:54.398+09:00 DEBUG 33256 --- [hello-spring-api] [http-nio-8080-exec-6] o.s.w.s.handler.SimpleUrlHandlerMapping  : Mapped to ResourceHttpRequestHandler [classpath [META-INF/resources/webjars/]]
2025-11-03T19:29:54.400+09:00 DEBUG 33256 --- [hello-spring-api] [http-nio-8080-exec-4] o.s.web.servlet.DispatcherServlet        : Completed 200 OK
2025-11-03T19:29:54.402+09:00 DEBUG 33256 --- [hello-spring-api] [http-nio-8080-exec-6] o.s.web.servlet.DispatcherServlet        : Completed 200 OK
2025-11-03T19:29:54.398+09:00 DEBUG 33256 --- [hello-spring-api] [http-nio-8080-exec-5] o.s.w.s.handler.SimpleUrlHandlerMapping  : Mapped to ResourceHttpRequestHandler [classpath [META-INF/resources/webjars/]]
2025-11-03T19:29:54.406+09:00 DEBUG 33256 --- [hello-spring-api] [http-nio-8080-exec-3] o.s.web.servlet.DispatcherServlet        : Completed 200 OK
2025-11-03T19:29:54.418+09:00 DEBUG 33256 --- [hello-spring-api] [http-nio-8080-exec-5] o.s.web.servlet.DispatcherServlet        : Completed 200 OK
2025-11-03T19:29:54.423+09:00 DEBUG 33256 --- [hello-spring-api] [http-nio-8080-exec-7] o.s.web.servlet.DispatcherServlet        : Completed 200 OK
2025-11-03T19:29:54.493+09:00 DEBUG 33256 --- [hello-spring-api] [http-nio-8080-exec-8] o.s.web.servlet.DispatcherServlet        : GET "/v3/api-docs/swagger-config", parameters={}
2025-11-03T19:29:54.493+09:00 DEBUG 33256 --- [hello-spring-api] [http-nio-8080-exec-9] o.s.web.servlet.DispatcherServlet        : GET "/swagger-ui/favicon-32x32.png", parameters={}
2025-11-03T19:29:54.493+09:00 DEBUG 33256 --- [hello-spring-api] [http-nio-8080-exec-8] s.w.s.m.m.a.RequestMappingHandlerMapping : Mapped to org.springdoc.webmvc.ui.SwaggerConfigResource#openapiJson(HttpServletRequest)
2025-11-03T19:29:54.493+09:00 DEBUG 33256 --- [hello-spring-api] [http-nio-8080-exec-9] o.s.w.s.handler.SimpleUrlHandlerMapping  : Mapped to ResourceHttpRequestHandler [classpath [META-INF/resources/webjars/]]
2025-11-03T19:29:54.494+09:00 DEBUG 33256 --- [hello-spring-api] [http-nio-8080-exec-8] m.m.a.RequestResponseBodyMethodProcessor : Using 'application/json', given [*/*] and supported [application/json]
2025-11-03T19:29:54.495+09:00 DEBUG 33256 --- [hello-spring-api] [http-nio-8080-exec-9] o.s.web.servlet.DispatcherServlet        : Completed 200 OK
2025-11-03T19:29:54.497+09:00 DEBUG 33256 --- [hello-spring-api] [http-nio-8080-exec-8] m.m.a.RequestResponseBodyMethodProcessor : Writing [{configUrl=/v3/api-docs/swagger-config, oauth2RedirectUrl=http://localhost:8080/swagger-ui/oauth2-re (truncated)...]
2025-11-03T19:29:54.499+09:00 DEBUG 33256 --- [hello-spring-api] [http-nio-8080-exec-8] o.s.web.servlet.DispatcherServlet        : Completed 200 OK
2025-11-03T19:29:54.514+09:00 DEBUG 33256 --- [hello-spring-api] [http-nio-8080-exec-10] o.s.web.servlet.DispatcherServlet        : GET "/v3/api-docs", parameters={}
2025-11-03T19:29:54.514+09:00 DEBUG 33256 --- [hello-spring-api] [http-nio-8080-exec-10] s.w.s.m.m.a.RequestMappingHandlerMapping : Mapped to org.springdoc.webmvc.api.OpenApiWebMvcResource#openapiJson(HttpServletRequest, String, Locale)
2025-11-03T19:29:54.579+09:00 DEBUG 33256 --- [hello-spring-api] [http-nio-8080-exec-10] .m.m.a.ExceptionHandlerExceptionResolver : Using @ExceptionHandler com.example.hellospringapi.exception.GlobalExceptionHandler#handleGlobalException(Exception)
2025-11-03T19:29:54.579+09:00 ERROR 33256 --- [hello-spring-api] [http-nio-8080-exec-10] c.e.h.exception.GlobalExceptionHandler   : Unexpected error: 

jakarta.servlet.ServletException: Handler dispatch failed: java.lang.NoSuchMethodError: 'void org.springframework.web.method.ControllerAdviceBean.<init>(java.lang.Object)'
	at org.springframework.web.servlet.DispatcherServlet.doDispatch(DispatcherServlet.java:1104) ~[spring-webmvc-6.2.12.jar:6.2.12]
	at org.springframework.web.servlet.DispatcherServlet.doService(DispatcherServlet.java:979) ~[spring-webmvc-6.2.12.jar:6.2.12]
	at org.springframework.web.servlet.FrameworkServlet.processRequest(FrameworkServlet.java:1014) ~[spring-webmvc-6.2.12.jar:6.2.12]
	at org.springframework.web.servlet.FrameworkServlet.doGet(FrameworkServlet.java:903) ~[spring-webmvc-6.2.12.jar:6.2.12]
	at jakarta.servlet.http.HttpServlet.service(HttpServlet.java:564) ~[tomcat-embed-core-10.1.48.jar:6.0]
	at org.springframework.web.servlet.FrameworkServlet.service(FrameworkServlet.java:885) ~[spring-webmvc-6.2.12.jar:6.2.12]
	at jakarta.servlet.http.HttpServlet.service(HttpServlet.java:658) ~[tomcat-embed-core-10.1.48.jar:6.0]
	at org.apache.catalina.core.ApplicationFilterChain.internalDoFilter(ApplicationFilterChain.java:193) ~[tomcat-embed-core-10.1.48.jar:10.1.48]
	at org.apache.catalina.core.ApplicationFilterChain.doFilter(ApplicationFilterChain.java:138) ~[tomcat-embed-core-10.1.48.jar:10.1.48]
	at org.apache.tomcat.websocket.server.WsFilter.doFilter(WsFilter.java:51) ~[tomcat-embed-websocket-10.1.48.jar:10.1.48]
	at org.apache.catalina.core.ApplicationFilterChain.internalDoFilter(ApplicationFilterChain.java:162) ~[tomcat-embed-core-10.1.48.jar:10.1.48]
	at org.apache.catalina.core.ApplicationFilterChain.doFilter(ApplicationFilterChain.java:138) ~[tomcat-embed-core-10.1.48.jar:10.1.48]
	at org.springframework.web.filter.RequestContextFilter.doFilterInternal(RequestContextFilter.java:100) ~[spring-web-6.2.12.jar:6.2.12]
	at org.springframework.web.filter.OncePerRequestFilter.doFilter(OncePerRequestFilter.java:116) ~[spring-web-6.2.12.jar:6.2.12]
	at org.apache.catalina.core.ApplicationFilterChain.internalDoFilter(ApplicationFilterChain.java:162) ~[tomcat-embed-core-10.1.48.jar:10.1.48]
	at org.apache.catalina.core.ApplicationFilterChain.doFilter(ApplicationFilterChain.java:138) ~[tomcat-embed-core-10.1.48.jar:10.1.48]
	at org.springframework.web.filter.FormContentFilter.doFilterInternal(FormContentFilter.java:93) ~[spring-web-6.2.12.jar:6.2.12]
	at org.springframework.web.filter.OncePerRequestFilter.doFilter(OncePerRequestFilter.java:116) ~[spring-web-6.2.12.jar:6.2.12]
	at org.apache.catalina.core.ApplicationFilterChain.internalDoFilter(ApplicationFilterChain.java:162) ~[tomcat-embed-core-10.1.48.jar:10.1.48]
	at org.apache.catalina.core.ApplicationFilterChain.doFilter(ApplicationFilterChain.java:138) ~[tomcat-embed-core-10.1.48.jar:10.1.48]
	at org.springframework.web.filter.CharacterEncodingFilter.doFilterInternal(CharacterEncodingFilter.java:201) ~[spring-web-6.2.12.jar:6.2.12]
	at org.springframework.web.filter.OncePerRequestFilter.doFilter(OncePerRequestFilter.java:116) ~[spring-web-6.2.12.jar:6.2.12]
	at org.apache.catalina.core.ApplicationFilterChain.internalDoFilter(ApplicationFilterChain.java:162) ~[tomcat-embed-core-10.1.48.jar:10.1.48]
	at org.apache.catalina.core.ApplicationFilterChain.doFilter(ApplicationFilterChain.java:138) ~[tomcat-embed-core-10.1.48.jar:10.1.48]
	at org.apache.catalina.core.StandardWrapperValve.invoke(StandardWrapperValve.java:165) ~[tomcat-embed-core-10.1.48.jar:10.1.48]
	at org.apache.catalina.core.StandardContextValve.invoke(StandardContextValve.java:88) ~[tomcat-embed-core-10.1.48.jar:10.1.48]
	at org.apache.catalina.authenticator.AuthenticatorBase.invoke(AuthenticatorBase.java:482) ~[tomcat-embed-core-10.1.48.jar:10.1.48]
	at org.apache.catalina.core.StandardHostValve.invoke(StandardHostValve.java:113) ~[tomcat-embed-core-10.1.48.jar:10.1.48]
	at org.apache.catalina.valves.ErrorReportValve.invoke(ErrorReportValve.java:83) ~[tomcat-embed-core-10.1.48.jar:10.1.48]
	at org.apache.catalina.core.StandardEngineValve.invoke(StandardEngineValve.java:72) ~[tomcat-embed-core-10.1.48.jar:10.1.48]
	at org.apache.catalina.connector.CoyoteAdapter.service(CoyoteAdapter.java:342) ~[tomcat-embed-core-10.1.48.jar:10.1.48]
	at org.apache.coyote.http11.Http11Processor.service(Http11Processor.java:399) ~[tomcat-embed-core-10.1.48.jar:10.1.48]
	at org.apache.coyote.AbstractProcessorLight.process(AbstractProcessorLight.java:63) ~[tomcat-embed-core-10.1.48.jar:10.1.48]
	at org.apache.coyote.AbstractProtocol$ConnectionHandler.process(AbstractProtocol.java:903) ~[tomcat-embed-core-10.1.48.jar:10.1.48]
	at org.apache.tomcat.util.net.NioEndpoint$SocketProcessor.doRun(NioEndpoint.java:1774) ~[tomcat-embed-core-10.1.48.jar:10.1.48]
	at org.apache.tomcat.util.net.SocketProcessorBase.run(SocketProcessorBase.java:52) ~[tomcat-embed-core-10.1.48.jar:10.1.48]
	at org.apache.tomcat.util.threads.ThreadPoolExecutor.runWorker(ThreadPoolExecutor.java:973) ~[tomcat-embed-core-10.1.48.jar:10.1.48]
	at org.apache.tomcat.util.threads.ThreadPoolExecutor$Worker.run(ThreadPoolExecutor.java:491) ~[tomcat-embed-core-10.1.48.jar:10.1.48]
	at org.apache.tomcat.util.threads.TaskThread$WrappingRunnable.run(TaskThread.java:63) ~[tomcat-embed-core-10.1.48.jar:10.1.48]
	at java.base/java.lang.Thread.run(Thread.java:1583) ~[na:na]
Caused by: java.lang.NoSuchMethodError: 'void org.springframework.web.method.ControllerAdviceBean.<init>(java.lang.Object)'
	at org.springdoc.core.service.GenericResponseService.lambda$getGenericMapResponse$8(GenericResponseService.java:702) ~[springdoc-openapi-starter-common-2.3.0.jar:2.3.0]
	at java.base/java.util.stream.ReferencePipeline$2$1.accept(ReferencePipeline.java:178) ~[na:na]
	at java.base/java.util.Spliterators$ArraySpliterator.forEachRemaining(Spliterators.java:1024) ~[na:na]
	at java.base/java.util.stream.AbstractPipeline.copyInto(AbstractPipeline.java:509) ~[na:na]
	at java.base/java.util.stream.AbstractPipeline.wrapAndCopyInto(AbstractPipeline.java:499) ~[na:na]
	at java.base/java.util.stream.AbstractPipeline.evaluate(AbstractPipeline.java:575) ~[na:na]
	at java.base/java.util.stream.AbstractPipeline.evaluateToArrayNode(AbstractPipeline.java:260) ~[na:na]
	at java.base/java.util.stream.ReferencePipeline.toArray(ReferencePipeline.java:616) ~[na:na]
	at java.base/java.util.stream.ReferencePipeline.toArray(ReferencePipeline.java:622) ~[na:na]
	at java.base/java.util.stream.ReferencePipeline.toList(ReferencePipeline.java:627) ~[na:na]
	at org.springdoc.core.service.GenericResponseService.getGenericMapResponse(GenericResponseService.java:704) ~[springdoc-openapi-starter-common-2.3.0.jar:2.3.0]
	at org.springdoc.core.service.GenericResponseService.build(GenericResponseService.java:246) ~[springdoc-openapi-starter-common-2.3.0.jar:2.3.0]
	at org.springdoc.api.AbstractOpenApiResource.calculatePath(AbstractOpenApiResource.java:499) ~[springdoc-openapi-starter-common-2.3.0.jar:2.3.0]
	at org.springdoc.api.AbstractOpenApiResource.calculatePath(AbstractOpenApiResource.java:676) ~[springdoc-openapi-starter-common-2.3.0.jar:2.3.0]
	at org.springdoc.webmvc.api.OpenApiResource.lambda$calculatePath$11(OpenApiResource.java:219) ~[springdoc-openapi-starter-webmvc-api-2.3.0.jar:2.3.0]
	at java.base/java.util.Optional.ifPresent(Optional.java:178) ~[na:na]
	at org.springdoc.webmvc.api.OpenApiResource.calculatePath(OpenApiResource.java:200) ~[springdoc-openapi-starter-webmvc-api-2.3.0.jar:2.3.0]
	at org.springdoc.webmvc.api.OpenApiResource.lambda$getPaths$2(OpenApiResource.java:170) ~[springdoc-openapi-starter-webmvc-api-2.3.0.jar:2.3.0]
	at java.base/java.util.Optional.ifPresent(Optional.java:178) ~[na:na]
	at org.springdoc.webmvc.api.OpenApiResource.getPaths(OpenApiResource.java:149) ~[springdoc-openapi-starter-webmvc-api-2.3.0.jar:2.3.0]
	at org.springdoc.api.AbstractOpenApiResource.getOpenApi(AbstractOpenApiResource.java:353) ~[springdoc-openapi-starter-common-2.3.0.jar:2.3.0]
	at org.springdoc.webmvc.api.OpenApiResource.openapiJson(OpenApiResource.java:124) ~[springdoc-openapi-starter-webmvc-api-2.3.0.jar:2.3.0]
	at org.springdoc.webmvc.api.OpenApiWebMvcResource.openapiJson(OpenApiWebMvcResource.java:111) ~[springdoc-openapi-starter-webmvc-api-2.3.0.jar:2.3.0]
	at java.base/jdk.internal.reflect.DirectMethodHandleAccessor.invoke(DirectMethodHandleAccessor.java:103) ~[na:na]
	at java.base/java.lang.reflect.Method.invoke(Method.java:580) ~[na:na]
	at org.springframework.web.method.support.InvocableHandlerMethod.doInvoke(InvocableHandlerMethod.java:258) ~[spring-web-6.2.12.jar:6.2.12]
	at org.springframework.web.method.support.InvocableHandlerMethod.invokeForRequest(InvocableHandlerMethod.java:191) ~[spring-web-6.2.12.jar:6.2.12]
	at org.springframework.web.servlet.mvc.method.annotation.ServletInvocableHandlerMethod.invokeAndHandle(ServletInvocableHandlerMethod.java:118) ~[spring-webmvc-6.2.12.jar:6.2.12]
	at org.springframework.web.servlet.mvc.method.annotation.RequestMappingHandlerAdapter.invokeHandlerMethod(RequestMappingHandlerAdapter.java:991) ~[spring-webmvc-6.2.12.jar:6.2.12]
	at org.springframework.web.servlet.mvc.method.annotation.RequestMappingHandlerAdapter.handleInternal(RequestMappingHandlerAdapter.java:896) ~[spring-webmvc-6.2.12.jar:6.2.12]
	at org.springframework.web.servlet.mvc.method.AbstractHandlerMethodAdapter.handle(AbstractHandlerMethodAdapter.java:87) ~[spring-webmvc-6.2.12.jar:6.2.12]
	at org.springframework.web.servlet.DispatcherServlet.doDispatch(DispatcherServlet.java:1089) ~[spring-webmvc-6.2.12.jar:6.2.12]
	... 39 common frames omitted

2025-11-03T19:29:54.583+09:00 DEBUG 33256 --- [hello-spring-api] [http-nio-8080-exec-10] o.s.w.s.m.m.a.HttpEntityMethodProcessor  : Using 'application/json', given [application/json, */*] and supported [application/json, application/*+json, application/yaml]
2025-11-03T19:29:54.584+09:00 DEBUG 33256 --- [hello-spring-api] [http-nio-8080-exec-10] o.s.w.s.m.m.a.HttpEntityMethodProcessor  : Writing [com.example.hellospringapi.exception.ErrorResponse@542bbda6]
2025-11-03T19:29:54.585+09:00  WARN 33256 --- [hello-spring-api] [http-nio-8080-exec-10] .m.m.a.ExceptionHandlerExceptionResolver : Resolved [jakarta.servlet.ServletException: Handler dispatch failed: java.lang.NoSuchMethodError: 'void org.springframework.web.method.ControllerAdviceBean.<init>(java.lang.Object)']
2025-11-03T19:29:54.585+09:00 DEBUG 33256 --- [hello-spring-api] [http-nio-8080-exec-10] o.s.web.servlet.DispatcherServlet        : Completed 500 INTERNAL_SERVER_ERROR
2025-11-03T19:29:57.061+09:00 DEBUG 33256 --- [hello-spring-api] [http-nio-8080-exec-1] o.s.web.servlet.DispatcherServlet        : GET "/swagger-ui.html", parameters={}
2025-11-03T19:29:57.062+09:00 DEBUG 33256 --- [hello-spring-api] [http-nio-8080-exec-1] s.w.s.m.m.a.RequestMappingHandlerMapping : Mapped to org.springdoc.webmvc.ui.SwaggerWelcomeWebMvc#redirectToUi(HttpServletRequest)
2025-11-03T19:29:57.064+09:00 DEBUG 33256 --- [hello-spring-api] [http-nio-8080-exec-1] o.s.w.s.m.m.a.HttpEntityMethodProcessor  : Using 'application/json;q=0.8', given [text/html, application/xhtml+xml, image/avif, image/webp, image/apng, application/xml;q=0.9, */*;q=0.8, application/signed-exchange;v=b3;q=0.7] and supported [application/json, application/*+json, application/yaml]
2025-11-03T19:29:57.065+09:00 DEBUG 33256 --- [hello-spring-api] [http-nio-8080-exec-1] o.s.w.s.m.m.a.HttpEntityMethodProcessor  : Nothing to write: null body
2025-11-03T19:29:57.066+09:00 DEBUG 33256 --- [hello-spring-api] [http-nio-8080-exec-1] o.s.web.servlet.DispatcherServlet        : Completed 302 FOUND
2025-11-03T19:29:57.080+09:00 DEBUG 33256 --- [hello-spring-api] [http-nio-8080-exec-2] o.s.web.servlet.DispatcherServlet        : GET "/swagger-ui/swagger-initializer.js", parameters={}
2025-11-03T19:29:57.081+09:00 DEBUG 33256 --- [hello-spring-api] [http-nio-8080-exec-2] o.s.w.s.handler.SimpleUrlHandlerMapping  : Mapped to ResourceHttpRequestHandler [classpath [META-INF/resources/webjars/]]
2025-11-03T19:29:57.086+09:00 DEBUG 33256 --- [hello-spring-api] [http-nio-8080-exec-2] o.s.web.servlet.DispatcherServlet        : Completed 200 OK
2025-11-03T19:29:57.116+09:00 DEBUG 33256 --- [hello-spring-api] [http-nio-8080-exec-4] o.s.web.servlet.DispatcherServlet        : GET "/v3/api-docs/swagger-config", parameters={}
2025-11-03T19:29:57.116+09:00 DEBUG 33256 --- [hello-spring-api] [http-nio-8080-exec-4] s.w.s.m.m.a.RequestMappingHandlerMapping : Mapped to org.springdoc.webmvc.ui.SwaggerConfigResource#openapiJson(HttpServletRequest)
2025-11-03T19:29:57.117+09:00 DEBUG 33256 --- [hello-spring-api] [http-nio-8080-exec-4] m.m.a.RequestResponseBodyMethodProcessor : Using 'application/json', given [*/*] and supported [application/json]
2025-11-03T19:29:57.117+09:00 DEBUG 33256 --- [hello-spring-api] [http-nio-8080-exec-4] m.m.a.RequestResponseBodyMethodProcessor : Writing [{configUrl=/v3/api-docs/swagger-config, oauth2RedirectUrl=http://localhost:8080/swagger-ui/oauth2-re (truncated)...]
2025-11-03T19:29:57.118+09:00 DEBUG 33256 --- [hello-spring-api] [http-nio-8080-exec-4] o.s.web.servlet.DispatcherServlet        : Completed 200 OK
2025-11-03T19:29:57.123+09:00 DEBUG 33256 --- [hello-spring-api] [http-nio-8080-exec-6] o.s.web.servlet.DispatcherServlet        : GET "/v3/api-docs", parameters={}
2025-11-03T19:29:57.123+09:00 DEBUG 33256 --- [hello-spring-api] [http-nio-8080-exec-6] s.w.s.m.m.a.RequestMappingHandlerMapping : Mapped to org.springdoc.webmvc.api.OpenApiWebMvcResource#openapiJson(HttpServletRequest, String, Locale)
2025-11-03T19:29:57.172+09:00 DEBUG 33256 --- [hello-spring-api] [http-nio-8080-exec-6] .m.m.a.ExceptionHandlerExceptionResolver : Using @ExceptionHandler com.example.hellospringapi.exception.GlobalExceptionHandler#handleGlobalException(Exception)
2025-11-03T19:29:57.172+09:00 ERROR 33256 --- [hello-spring-api] [http-nio-8080-exec-6] c.e.h.exception.GlobalExceptionHandler   : Unexpected error: 

jakarta.servlet.ServletException: Handler dispatch failed: java.lang.NoSuchMethodError: 'void org.springframework.web.method.ControllerAdviceBean.<init>(java.lang.Object)'
	at org.springframework.web.servlet.DispatcherServlet.doDispatch(DispatcherServlet.java:1104) ~[spring-webmvc-6.2.12.jar:6.2.12]
	at org.springframework.web.servlet.DispatcherServlet.doService(DispatcherServlet.java:979) ~[spring-webmvc-6.2.12.jar:6.2.12]
	at org.springframework.web.servlet.FrameworkServlet.processRequest(FrameworkServlet.java:1014) ~[spring-webmvc-6.2.12.jar:6.2.12]
	at org.springframework.web.servlet.FrameworkServlet.doGet(FrameworkServlet.java:903) ~[spring-webmvc-6.2.12.jar:6.2.12]
	at jakarta.servlet.http.HttpServlet.service(HttpServlet.java:564) ~[tomcat-embed-core-10.1.48.jar:6.0]
	at org.springframework.web.servlet.FrameworkServlet.service(FrameworkServlet.java:885) ~[spring-webmvc-6.2.12.jar:6.2.12]
	at jakarta.servlet.http.HttpServlet.service(HttpServlet.java:658) ~[tomcat-embed-core-10.1.48.jar:6.0]
	at org.apache.catalina.core.ApplicationFilterChain.internalDoFilter(ApplicationFilterChain.java:193) ~[tomcat-embed-core-10.1.48.jar:10.1.48]
	at org.apache.catalina.core.ApplicationFilterChain.doFilter(ApplicationFilterChain.java:138) ~[tomcat-embed-core-10.1.48.jar:10.1.48]
	at org.apache.tomcat.websocket.server.WsFilter.doFilter(WsFilter.java:51) ~[tomcat-embed-websocket-10.1.48.jar:10.1.48]
	at org.apache.catalina.core.ApplicationFilterChain.internalDoFilter(ApplicationFilterChain.java:162) ~[tomcat-embed-core-10.1.48.jar:10.1.48]
	at org.apache.catalina.core.ApplicationFilterChain.doFilter(ApplicationFilterChain.java:138) ~[tomcat-embed-core-10.1.48.jar:10.1.48]
	at org.springframework.web.filter.RequestContextFilter.doFilterInternal(RequestContextFilter.java:100) ~[spring-web-6.2.12.jar:6.2.12]
	at org.springframework.web.filter.OncePerRequestFilter.doFilter(OncePerRequestFilter.java:116) ~[spring-web-6.2.12.jar:6.2.12]
	at org.apache.catalina.core.ApplicationFilterChain.internalDoFilter(ApplicationFilterChain.java:162) ~[tomcat-embed-core-10.1.48.jar:10.1.48]
	at org.apache.catalina.core.ApplicationFilterChain.doFilter(ApplicationFilterChain.java:138) ~[tomcat-embed-core-10.1.48.jar:10.1.48]
	at org.springframework.web.filter.FormContentFilter.doFilterInternal(FormContentFilter.java:93) ~[spring-web-6.2.12.jar:6.2.12]
	at org.springframework.web.filter.OncePerRequestFilter.doFilter(OncePerRequestFilter.java:116) ~[spring-web-6.2.12.jar:6.2.12]
	at org.apache.catalina.core.ApplicationFilterChain.internalDoFilter(ApplicationFilterChain.java:162) ~[tomcat-embed-core-10.1.48.jar:10.1.48]
	at org.apache.catalina.core.ApplicationFilterChain.doFilter(ApplicationFilterChain.java:138) ~[tomcat-embed-core-10.1.48.jar:10.1.48]
	at org.springframework.web.filter.CharacterEncodingFilter.doFilterInternal(CharacterEncodingFilter.java:201) ~[spring-web-6.2.12.jar:6.2.12]
	at org.springframework.web.filter.OncePerRequestFilter.doFilter(OncePerRequestFilter.java:116) ~[spring-web-6.2.12.jar:6.2.12]
	at org.apache.catalina.core.ApplicationFilterChain.internalDoFilter(ApplicationFilterChain.java:162) ~[tomcat-embed-core-10.1.48.jar:10.1.48]
	at org.apache.catalina.core.ApplicationFilterChain.doFilter(ApplicationFilterChain.java:138) ~[tomcat-embed-core-10.1.48.jar:10.1.48]
	at org.apache.catalina.core.StandardWrapperValve.invoke(StandardWrapperValve.java:165) ~[tomcat-embed-core-10.1.48.jar:10.1.48]
	at org.apache.catalina.core.StandardContextValve.invoke(StandardContextValve.java:88) ~[tomcat-embed-core-10.1.48.jar:10.1.48]
	at org.apache.catalina.authenticator.AuthenticatorBase.invoke(AuthenticatorBase.java:482) ~[tomcat-embed-core-10.1.48.jar:10.1.48]
	at org.apache.catalina.core.StandardHostValve.invoke(StandardHostValve.java:113) ~[tomcat-embed-core-10.1.48.jar:10.1.48]
	at org.apache.catalina.valves.ErrorReportValve.invoke(ErrorReportValve.java:83) ~[tomcat-embed-core-10.1.48.jar:10.1.48]
	at org.apache.catalina.core.StandardEngineValve.invoke(StandardEngineValve.java:72) ~[tomcat-embed-core-10.1.48.jar:10.1.48]
	at org.apache.catalina.connector.CoyoteAdapter.service(CoyoteAdapter.java:342) ~[tomcat-embed-core-10.1.48.jar:10.1.48]
	at org.apache.coyote.http11.Http11Processor.service(Http11Processor.java:399) ~[tomcat-embed-core-10.1.48.jar:10.1.48]
	at org.apache.coyote.AbstractProcessorLight.process(AbstractProcessorLight.java:63) ~[tomcat-embed-core-10.1.48.jar:10.1.48]
	at org.apache.coyote.AbstractProtocol$ConnectionHandler.process(AbstractProtocol.java:903) ~[tomcat-embed-core-10.1.48.jar:10.1.48]
	at org.apache.tomcat.util.net.NioEndpoint$SocketProcessor.doRun(NioEndpoint.java:1774) ~[tomcat-embed-core-10.1.48.jar:10.1.48]
	at org.apache.tomcat.util.net.SocketProcessorBase.run(SocketProcessorBase.java:52) ~[tomcat-embed-core-10.1.48.jar:10.1.48]
	at org.apache.tomcat.util.threads.ThreadPoolExecutor.runWorker(ThreadPoolExecutor.java:973) ~[tomcat-embed-core-10.1.48.jar:10.1.48]
	at org.apache.tomcat.util.threads.ThreadPoolExecutor$Worker.run(ThreadPoolExecutor.java:491) ~[tomcat-embed-core-10.1.48.jar:10.1.48]
	at org.apache.tomcat.util.threads.TaskThread$WrappingRunnable.run(TaskThread.java:63) ~[tomcat-embed-core-10.1.48.jar:10.1.48]
	at java.base/java.lang.Thread.run(Thread.java:1583) ~[na:na]
Caused by: java.lang.NoSuchMethodError: 'void org.springframework.web.method.ControllerAdviceBean.<init>(java.lang.Object)'
	at org.springdoc.core.service.GenericResponseService.lambda$getGenericMapResponse$8(GenericResponseService.java:702) ~[springdoc-openapi-starter-common-2.3.0.jar:2.3.0]
	at java.base/java.util.stream.ReferencePipeline$2$1.accept(ReferencePipeline.java:178) ~[na:na]
	at java.base/java.util.Spliterators$ArraySpliterator.forEachRemaining(Spliterators.java:1024) ~[na:na]
	at java.base/java.util.stream.AbstractPipeline.copyInto(AbstractPipeline.java:509) ~[na:na]
	at java.base/java.util.stream.AbstractPipeline.wrapAndCopyInto(AbstractPipeline.java:499) ~[na:na]
	at java.base/java.util.stream.AbstractPipeline.evaluate(AbstractPipeline.java:575) ~[na:na]
	at java.base/java.util.stream.AbstractPipeline.evaluateToArrayNode(AbstractPipeline.java:260) ~[na:na]
	at java.base/java.util.stream.ReferencePipeline.toArray(ReferencePipeline.java:616) ~[na:na]
	at java.base/java.util.stream.ReferencePipeline.toArray(ReferencePipeline.java:622) ~[na:na]
	at java.base/java.util.stream.ReferencePipeline.toList(ReferencePipeline.java:627) ~[na:na]
	at org.springdoc.core.service.GenericResponseService.getGenericMapResponse(GenericResponseService.java:704) ~[springdoc-openapi-starter-common-2.3.0.jar:2.3.0]
	at org.springdoc.core.service.GenericResponseService.build(GenericResponseService.java:246) ~[springdoc-openapi-starter-common-2.3.0.jar:2.3.0]
	at org.springdoc.api.AbstractOpenApiResource.calculatePath(AbstractOpenApiResource.java:499) ~[springdoc-openapi-starter-common-2.3.0.jar:2.3.0]
	at org.springdoc.api.AbstractOpenApiResource.calculatePath(AbstractOpenApiResource.java:676) ~[springdoc-openapi-starter-common-2.3.0.jar:2.3.0]
	at org.springdoc.webmvc.api.OpenApiResource.lambda$calculatePath$11(OpenApiResource.java:219) ~[springdoc-openapi-starter-webmvc-api-2.3.0.jar:2.3.0]
	at java.base/java.util.Optional.ifPresent(Optional.java:178) ~[na:na]
	at org.springdoc.webmvc.api.OpenApiResource.calculatePath(OpenApiResource.java:200) ~[springdoc-openapi-starter-webmvc-api-2.3.0.jar:2.3.0]
	at org.springdoc.webmvc.api.OpenApiResource.lambda$getPaths$2(OpenApiResource.java:170) ~[springdoc-openapi-starter-webmvc-api-2.3.0.jar:2.3.0]
	at java.base/java.util.Optional.ifPresent(Optional.java:178) ~[na:na]
	at org.springdoc.webmvc.api.OpenApiResource.getPaths(OpenApiResource.java:149) ~[springdoc-openapi-starter-webmvc-api-2.3.0.jar:2.3.0]
	at org.springdoc.api.AbstractOpenApiResource.getOpenApi(AbstractOpenApiResource.java:353) ~[springdoc-openapi-starter-common-2.3.0.jar:2.3.0]
	at org.springdoc.webmvc.api.OpenApiResource.openapiJson(OpenApiResource.java:124) ~[springdoc-openapi-starter-webmvc-api-2.3.0.jar:2.3.0]
	at org.springdoc.webmvc.api.OpenApiWebMvcResource.openapiJson(OpenApiWebMvcResource.java:111) ~[springdoc-openapi-starter-webmvc-api-2.3.0.jar:2.3.0]
	at java.base/jdk.internal.reflect.DirectMethodHandleAccessor.invoke(DirectMethodHandleAccessor.java:103) ~[na:na]
	at java.base/java.lang.reflect.Method.invoke(Method.java:580) ~[na:na]
	at org.springframework.web.method.support.InvocableHandlerMethod.doInvoke(InvocableHandlerMethod.java:258) ~[spring-web-6.2.12.jar:6.2.12]
	at org.springframework.web.method.support.InvocableHandlerMethod.invokeForRequest(InvocableHandlerMethod.java:191) ~[spring-web-6.2.12.jar:6.2.12]
	at org.springframework.web.servlet.mvc.method.annotation.ServletInvocableHandlerMethod.invokeAndHandle(ServletInvocableHandlerMethod.java:118) ~[spring-webmvc-6.2.12.jar:6.2.12]
	at org.springframework.web.servlet.mvc.method.annotation.RequestMappingHandlerAdapter.invokeHandlerMethod(RequestMappingHandlerAdapter.java:991) ~[spring-webmvc-6.2.12.jar:6.2.12]
	at org.springframework.web.servlet.mvc.method.annotation.RequestMappingHandlerAdapter.handleInternal(RequestMappingHandlerAdapter.java:896) ~[spring-webmvc-6.2.12.jar:6.2.12]
	at org.springframework.web.servlet.mvc.method.AbstractHandlerMethodAdapter.handle(AbstractHandlerMethodAdapter.java:87) ~[spring-webmvc-6.2.12.jar:6.2.12]
	at org.springframework.web.servlet.DispatcherServlet.doDispatch(DispatcherServlet.java:1089) ~[spring-webmvc-6.2.12.jar:6.2.12]
	... 39 common frames omitted

2025-11-03T19:29:57.173+09:00 DEBUG 33256 --- [hello-spring-api] [http-nio-8080-exec-6] o.s.w.s.m.m.a.HttpEntityMethodProcessor  : Using 'application/json', given [application/json, */*] and supported [application/json, application/*+json, application/yaml]
2025-11-03T19:29:57.174+09:00 DEBUG 33256 --- [hello-spring-api] [http-nio-8080-exec-6] o.s.w.s.m.m.a.HttpEntityMethodProcessor  : Writing [com.example.hellospringapi.exception.ErrorResponse@72250ecd]
2025-11-03T19:29:57.174+09:00  WARN 33256 --- [hello-spring-api] [http-nio-8080-exec-6] .m.m.a.ExceptionHandlerExceptionResolver : Resolved [jakarta.servlet.ServletException: Handler dispatch failed: java.lang.NoSuchMethodError: 'void org.springframework.web.method.ControllerAdviceBean.<init>(java.lang.Object)']
2025-11-03T19:29:57.174+09:00 DEBUG 33256 --- [hello-spring-api] [http-nio-8080-exec-6] o.s.web.servlet.DispatcherServlet        : Completed 500 INTERNAL_SERVER_ERROR
2025-11-03T19:32:19.073+09:00  INFO 33256 --- [hello-spring-api] [File Watcher] rtingClassPathChangeChangedEventListener : Restarting due to 17 class path changes (0 additions, 17 deletions, 0 modifications)
2025-11-03T19:32:19.085+09:00  INFO 33256 --- [hello-spring-api] [Thread-5] o.s.b.w.e.tomcat.GracefulShutdown        : Commencing graceful shutdown. Waiting for active requests to complete
2025-11-03T19:32:19.098+09:00  INFO 33256 --- [hello-spring-api] [tomcat-shutdown] o.s.b.w.e.tomcat.GracefulShutdown        : Graceful shutdown complete
2025-11-03T19:32:19.151+09:00  INFO 33256 --- [hello-spring-api] [restartedMain] c.e.h.HellospringapiApplication          : Starting HellospringapiApplication using Java 21.0.8 with PID 33256 (/Users/songhansol/Desktop/code/Learn/java_spring/중급 개발자 로드맵/phase1_hellospringapi/build/classes/java/main started by songhansol in /Users/songhansol/Desktop/code/Learn/java_spring/중급 개발자 로드맵/phase1_hellospringapi)
2025-11-03T19:32:19.152+09:00 DEBUG 33256 --- [hello-spring-api] [restartedMain] c.e.h.HellospringapiApplication          : Running with Spring Boot v3.5.7, Spring v6.2.12
2025-11-03T19:32:19.152+09:00  INFO 33256 --- [hello-spring-api] [restartedMain] c.e.h.HellospringapiApplication          : No active profile set, falling back to 1 default profile: "default"
2025-11-03T19:32:19.285+09:00  INFO 33256 --- [hello-spring-api] [restartedMain] o.s.b.w.embedded.tomcat.TomcatWebServer  : Tomcat initialized with port 8080 (http)
2025-11-03T19:32:19.285+09:00  INFO 33256 --- [hello-spring-api] [restartedMain] o.apache.catalina.core.StandardService   : Starting service [Tomcat]
2025-11-03T19:32:19.285+09:00  INFO 33256 --- [hello-spring-api] [restartedMain] o.apache.catalina.core.StandardEngine    : Starting Servlet engine: [Apache Tomcat/10.1.48]
2025-11-03T19:32:19.297+09:00  INFO 33256 --- [hello-spring-api] [restartedMain] o.a.c.c.C.[Tomcat].[localhost].[/]       : Initializing Spring embedded WebApplicationContext
2025-11-03T19:32:19.297+09:00  INFO 33256 --- [hello-spring-api] [restartedMain] w.s.c.ServletWebServerApplicationContext : Root WebApplicationContext: initialization completed in 144 ms
2025-11-03T19:32:19.424+09:00 DEBUG 33256 --- [hello-spring-api] [restartedMain] s.w.s.m.m.a.RequestMappingHandlerMapping : 9 mappings in 'requestMappingHandlerMapping'
2025-11-03T19:32:19.441+09:00 DEBUG 33256 --- [hello-spring-api] [restartedMain] o.s.w.s.handler.SimpleUrlHandlerMapping  : Patterns [/webjars/**, /**, /swagger-ui*/*swagger-initializer.js, /swagger-ui*/**] in 'resourceHandlerMapping'
2025-11-03T19:32:19.443+09:00 DEBUG 33256 --- [hello-spring-api] [restartedMain] s.w.s.m.m.a.RequestMappingHandlerAdapter : ControllerAdvice beans: 0 @ModelAttribute, 0 @InitBinder, 1 RequestBodyAdvice, 1 ResponseBodyAdvice
2025-11-03T19:32:19.447+09:00 DEBUG 33256 --- [hello-spring-api] [restartedMain] .m.m.a.ExceptionHandlerExceptionResolver : ControllerAdvice beans: 2 @ExceptionHandler, 1 ResponseBodyAdvice
2025-11-03T19:32:19.464+09:00  INFO 33256 --- [hello-spring-api] [restartedMain] o.s.b.d.a.OptionalLiveReloadServer       : LiveReload server is running on port 35729
2025-11-03T19:32:19.479+09:00  INFO 33256 --- [hello-spring-api] [restartedMain] o.s.b.w.embedded.tomcat.TomcatWebServer  : Tomcat started on port 8080 (http) with context path '/'
2025-11-03T19:32:19.482+09:00  INFO 33256 --- [hello-spring-api] [restartedMain] c.e.h.HellospringapiApplication          : Started HellospringapiApplication in 0.345 seconds (process running for 147.091)
2025-11-03T19:32:19.483+09:00  INFO 33256 --- [hello-spring-api] [restartedMain] .ConditionEvaluationDeltaLoggingListener : Condition evaluation unchanged
2025-11-03T19:32:20.882+09:00  INFO 33256 --- [hello-spring-api] [File Watcher] rtingClassPathChangeChangedEventListener : Restarting due to 17 class path changes (17 additions, 0 deletions, 0 modifications)
2025-11-03T19:32:20.883+09:00  INFO 33256 --- [hello-spring-api] [Thread-7] o.s.b.w.e.tomcat.GracefulShutdown        : Commencing graceful shutdown. Waiting for active requests to complete
2025-11-03T19:32:20.887+09:00  INFO 33256 --- [hello-spring-api] [tomcat-shutdown] o.s.b.w.e.tomcat.GracefulShutdown        : Graceful shutdown complete
2025-11-03T19:32:20.956+09:00  INFO 33256 --- [hello-spring-api] [restartedMain] c.e.h.HellospringapiApplication          : Starting HellospringapiApplication using Java 21.0.8 with PID 33256 (/Users/songhansol/Desktop/code/Learn/java_spring/중급 개발자 로드맵/phase1_hellospringapi/build/classes/java/main started by songhansol in /Users/songhansol/Desktop/code/Learn/java_spring/중급 개발자 로드맵/phase1_hellospringapi)
2025-11-03T19:32:20.956+09:00 DEBUG 33256 --- [hello-spring-api] [restartedMain] c.e.h.HellospringapiApplication          : Running with Spring Boot v3.5.7, Spring v6.2.12
2025-11-03T19:32:20.956+09:00  INFO 33256 --- [hello-spring-api] [restartedMain] c.e.h.HellospringapiApplication          : No active profile set, falling back to 1 default profile: "default"
2025-11-03T19:32:21.040+09:00  INFO 33256 --- [hello-spring-api] [restartedMain] o.s.b.w.embedded.tomcat.TomcatWebServer  : Tomcat initialized with port 8080 (http)
2025-11-03T19:32:21.041+09:00  INFO 33256 --- [hello-spring-api] [restartedMain] o.apache.catalina.core.StandardService   : Starting service [Tomcat]
2025-11-03T19:32:21.041+09:00  INFO 33256 --- [hello-spring-api] [restartedMain] o.apache.catalina.core.StandardEngine    : Starting Servlet engine: [Apache Tomcat/10.1.48]
2025-11-03T19:32:21.047+09:00  INFO 33256 --- [hello-spring-api] [restartedMain] o.a.c.c.C.[Tomcat].[localhost].[/]       : Initializing Spring embedded WebApplicationContext
2025-11-03T19:32:21.047+09:00  INFO 33256 --- [hello-spring-api] [restartedMain] w.s.c.ServletWebServerApplicationContext : Root WebApplicationContext: initialization completed in 90 ms
2025-11-03T19:32:21.074+09:00 DEBUG 33256 --- [hello-spring-api] [restartedMain] s.w.s.m.m.a.RequestMappingHandlerMapping : 9 mappings in 'requestMappingHandlerMapping'
2025-11-03T19:32:21.082+09:00 DEBUG 33256 --- [hello-spring-api] [restartedMain] o.s.w.s.handler.SimpleUrlHandlerMapping  : Patterns [/webjars/**, /**, /swagger-ui*/*swagger-initializer.js, /swagger-ui*/**] in 'resourceHandlerMapping'
2025-11-03T19:32:21.083+09:00 DEBUG 33256 --- [hello-spring-api] [restartedMain] s.w.s.m.m.a.RequestMappingHandlerAdapter : ControllerAdvice beans: 0 @ModelAttribute, 0 @InitBinder, 1 RequestBodyAdvice, 1 ResponseBodyAdvice
2025-11-03T19:32:21.085+09:00 DEBUG 33256 --- [hello-spring-api] [restartedMain] .m.m.a.ExceptionHandlerExceptionResolver : ControllerAdvice beans: 2 @ExceptionHandler, 1 ResponseBodyAdvice
2025-11-03T19:32:21.094+09:00  INFO 33256 --- [hello-spring-api] [restartedMain] o.s.b.d.a.OptionalLiveReloadServer       : LiveReload server is running on port 35729
2025-11-03T19:32:21.099+09:00  INFO 33256 --- [hello-spring-api] [restartedMain] o.s.b.w.embedded.tomcat.TomcatWebServer  : Tomcat started on port 8080 (http) with context path '/'
2025-11-03T19:32:21.101+09:00  INFO 33256 --- [hello-spring-api] [restartedMain] c.e.h.HellospringapiApplication          : Started HellospringapiApplication in 0.157 seconds (process running for 148.711)
2025-11-03T19:32:21.102+09:00  INFO 33256 --- [hello-spring-api] [restartedMain] .ConditionEvaluationDeltaLoggingListener : Condition evaluation unchanged
2025-11-03T19:32:21.594+09:00  INFO 34393 --- [hello-spring-api] [Test worker] c.e.h.HellospringapiApplicationTests     : Starting HellospringapiApplicationTests using Java 21.0.8 with PID 34393 (started by songhansol in /Users/songhansol/Desktop/code/Learn/java_spring/중급 개발자 로드맵/phase1_hellospringapi)
2025-11-03T19:32:21.594+09:00 DEBUG 34393 --- [hello-spring-api] [Test worker] c.e.h.HellospringapiApplicationTests     : Running with Spring Boot v3.5.7, Spring v6.2.12
2025-11-03T19:32:21.595+09:00  INFO 34393 --- [hello-spring-api] [Test worker] c.e.h.HellospringapiApplicationTests     : No active profile set, falling back to 1 default profile: "default"
2025-11-03T19:32:21.605+09:00 DEBUG 34393 --- [hello-spring-api] [Test worker] o.s.w.c.s.GenericWebApplicationContext   : Refreshing org.springframework.web.context.support.GenericWebApplicationContext@5cd61783
2025-11-03T19:32:22.003+09:00 DEBUG 34393 --- [hello-spring-api] [Test worker] s.w.s.m.m.a.RequestMappingHandlerMapping : 9 mappings in 'requestMappingHandlerMapping'
2025-11-03T19:32:22.034+09:00 DEBUG 34393 --- [hello-spring-api] [Test worker] o.s.w.s.handler.SimpleUrlHandlerMapping  : Patterns [/webjars/**, /**, /swagger-ui*/*swagger-initializer.js, /swagger-ui*/**] in 'resourceHandlerMapping'
2025-11-03T19:32:22.042+09:00 DEBUG 34393 --- [hello-spring-api] [Test worker] s.w.s.m.m.a.RequestMappingHandlerAdapter : ControllerAdvice beans: 0 @ModelAttribute, 0 @InitBinder, 1 RequestBodyAdvice, 1 ResponseBodyAdvice
2025-11-03T19:32:22.057+09:00 DEBUG 34393 --- [hello-spring-api] [Test worker] .m.m.a.ExceptionHandlerExceptionResolver : ControllerAdvice beans: 2 @ExceptionHandler, 1 ResponseBodyAdvice
2025-11-03T19:32:22.107+09:00  INFO 34393 --- [hello-spring-api] [Test worker] c.e.h.HellospringapiApplicationTests     : Started HellospringapiApplicationTests in 0.625 seconds (process running for 1.104)
2025-11-03T19:32:22.430+09:00 DEBUG 34393 --- [hello-spring-api] [SpringApplicationShutdownHook] o.s.w.c.s.GenericWebApplicationContext   : Closing org.springframework.web.context.support.GenericWebApplicationContext@5cd61783, started on Mon Nov 03 19:32:21 KST 2025
2025-11-03T19:32:40.287+09:00  INFO 34500 --- [hello-spring-api] [restartedMain] c.e.h.HellospringapiApplication          : Starting HellospringapiApplication using Java 21.0.8 with PID 34500 (/Users/songhansol/Desktop/code/Learn/java_spring/중급 개발자 로드맵/phase1_hellospringapi/build/classes/java/main started by songhansol in /Users/songhansol/Desktop/code/Learn/java_spring/중급 개발자 로드맵/phase1_hellospringapi)
2025-11-03T19:32:40.287+09:00 DEBUG 34500 --- [hello-spring-api] [restartedMain] c.e.h.HellospringapiApplication          : Running with Spring Boot v3.5.7, Spring v6.2.12
2025-11-03T19:32:40.288+09:00  INFO 34500 --- [hello-spring-api] [restartedMain] c.e.h.HellospringapiApplication          : No active profile set, falling back to 1 default profile: "default"
2025-11-03T19:32:40.301+09:00  INFO 34500 --- [hello-spring-api] [restartedMain] .e.DevToolsPropertyDefaultsPostProcessor : Devtools property defaults active! Set 'spring.devtools.add-properties' to 'false' to disable
2025-11-03T19:32:40.301+09:00  INFO 34500 --- [hello-spring-api] [restartedMain] .e.DevToolsPropertyDefaultsPostProcessor : For additional web related logging consider setting the 'logging.level.web' property to 'DEBUG'
2025-11-03T19:32:40.641+09:00  INFO 34500 --- [hello-spring-api] [restartedMain] o.s.b.w.embedded.tomcat.TomcatWebServer  : Tomcat initialized with port 8080 (http)
2025-11-03T19:32:40.647+09:00  INFO 34500 --- [hello-spring-api] [restartedMain] o.apache.catalina.core.StandardService   : Starting service [Tomcat]
2025-11-03T19:32:40.647+09:00  INFO 34500 --- [hello-spring-api] [restartedMain] o.apache.catalina.core.StandardEngine    : Starting Servlet engine: [Apache Tomcat/10.1.48]
2025-11-03T19:32:40.663+09:00  INFO 34500 --- [hello-spring-api] [restartedMain] o.a.c.c.C.[Tomcat].[localhost].[/]       : Initializing Spring embedded WebApplicationContext
2025-11-03T19:32:40.663+09:00  INFO 34500 --- [hello-spring-api] [restartedMain] w.s.c.ServletWebServerApplicationContext : Root WebApplicationContext: initialization completed in 362 ms
2025-11-03T19:32:40.746+09:00 DEBUG 34500 --- [hello-spring-api] [restartedMain] s.w.s.m.m.a.RequestMappingHandlerMapping : 9 mappings in 'requestMappingHandlerMapping'
2025-11-03T19:32:40.767+09:00 DEBUG 34500 --- [hello-spring-api] [restartedMain] o.s.w.s.handler.SimpleUrlHandlerMapping  : Patterns [/webjars/**, /**, /swagger-ui*/*swagger-initializer.js, /swagger-ui*/**] in 'resourceHandlerMapping'
2025-11-03T19:32:40.774+09:00 DEBUG 34500 --- [hello-spring-api] [restartedMain] s.w.s.m.m.a.RequestMappingHandlerAdapter : ControllerAdvice beans: 0 @ModelAttribute, 0 @InitBinder, 1 RequestBodyAdvice, 1 ResponseBodyAdvice
2025-11-03T19:32:40.787+09:00 DEBUG 34500 --- [hello-spring-api] [restartedMain] .m.m.a.ExceptionHandlerExceptionResolver : ControllerAdvice beans: 2 @ExceptionHandler, 1 ResponseBodyAdvice
2025-11-03T19:32:40.833+09:00  WARN 34500 --- [hello-spring-api] [restartedMain] o.s.b.d.a.OptionalLiveReloadServer       : Unable to start LiveReload server
2025-11-03T19:32:40.839+09:00  WARN 34500 --- [hello-spring-api] [restartedMain] ConfigServletWebServerApplicationContext : Exception encountered during context initialization - cancelling refresh attempt: org.springframework.context.ApplicationContextException: Failed to start bean 'webServerStartStop'
2025-11-03T19:32:40.845+09:00  INFO 34500 --- [hello-spring-api] [restartedMain] .s.b.a.l.ConditionEvaluationReportLogger : 

Error starting ApplicationContext. To display the condition evaluation report re-run your application with 'debug' enabled.
2025-11-03T19:32:40.851+09:00 ERROR 34500 --- [hello-spring-api] [restartedMain] o.s.b.d.LoggingFailureAnalysisReporter   : 

***************************
APPLICATION FAILED TO START
***************************

Description:

Web server failed to start. Port 8080 was already in use.

Action:

Identify and stop the process that's listening on port 8080 or configure this application to listen on another port.

2025-11-03T19:32:53.477+09:00  INFO 33256 --- [hello-spring-api] [SpringApplicationShutdownHook] o.s.b.w.e.tomcat.GracefulShutdown        : Commencing graceful shutdown. Waiting for active requests to complete
2025-11-03T19:32:53.480+09:00  INFO 33256 --- [hello-spring-api] [tomcat-shutdown] o.s.b.w.e.tomcat.GracefulShutdown        : Graceful shutdown complete
2025-11-03T19:32:57.943+09:00  INFO 34573 --- [hello-spring-api] [restartedMain] c.e.h.HellospringapiApplication          : Starting HellospringapiApplication using Java 21.0.8 with PID 34573 (/Users/songhansol/Desktop/code/Learn/java_spring/중급 개발자 로드맵/phase1_hellospringapi/build/classes/java/main started by songhansol in /Users/songhansol/Desktop/code/Learn/java_spring/중급 개발자 로드맵/phase1_hellospringapi)
2025-11-03T19:32:57.944+09:00 DEBUG 34573 --- [hello-spring-api] [restartedMain] c.e.h.HellospringapiApplication          : Running with Spring Boot v3.5.7, Spring v6.2.12
2025-11-03T19:32:57.944+09:00  INFO 34573 --- [hello-spring-api] [restartedMain] c.e.h.HellospringapiApplication          : No active profile set, falling back to 1 default profile: "default"
2025-11-03T19:32:57.959+09:00  INFO 34573 --- [hello-spring-api] [restartedMain] .e.DevToolsPropertyDefaultsPostProcessor : Devtools property defaults active! Set 'spring.devtools.add-properties' to 'false' to disable
2025-11-03T19:32:57.959+09:00  INFO 34573 --- [hello-spring-api] [restartedMain] .e.DevToolsPropertyDefaultsPostProcessor : For additional web related logging consider setting the 'logging.level.web' property to 'DEBUG'
2025-11-03T19:32:58.353+09:00  INFO 34573 --- [hello-spring-api] [restartedMain] o.s.b.w.embedded.tomcat.TomcatWebServer  : Tomcat initialized with port 8080 (http)
2025-11-03T19:32:58.359+09:00  INFO 34573 --- [hello-spring-api] [restartedMain] o.apache.catalina.core.StandardService   : Starting service [Tomcat]
2025-11-03T19:32:58.359+09:00  INFO 34573 --- [hello-spring-api] [restartedMain] o.apache.catalina.core.StandardEngine    : Starting Servlet engine: [Apache Tomcat/10.1.48]
2025-11-03T19:32:58.374+09:00  INFO 34573 --- [hello-spring-api] [restartedMain] o.a.c.c.C.[Tomcat].[localhost].[/]       : Initializing Spring embedded WebApplicationContext
2025-11-03T19:32:58.374+09:00  INFO 34573 --- [hello-spring-api] [restartedMain] w.s.c.ServletWebServerApplicationContext : Root WebApplicationContext: initialization completed in 415 ms
2025-11-03T19:32:58.469+09:00 DEBUG 34573 --- [hello-spring-api] [restartedMain] s.w.s.m.m.a.RequestMappingHandlerMapping : 9 mappings in 'requestMappingHandlerMapping'
2025-11-03T19:32:58.493+09:00 DEBUG 34573 --- [hello-spring-api] [restartedMain] o.s.w.s.handler.SimpleUrlHandlerMapping  : Patterns [/webjars/**, /**, /swagger-ui*/*swagger-initializer.js, /swagger-ui*/**] in 'resourceHandlerMapping'
2025-11-03T19:32:58.500+09:00 DEBUG 34573 --- [hello-spring-api] [restartedMain] s.w.s.m.m.a.RequestMappingHandlerAdapter : ControllerAdvice beans: 0 @ModelAttribute, 0 @InitBinder, 1 RequestBodyAdvice, 1 ResponseBodyAdvice
2025-11-03T19:32:58.513+09:00 DEBUG 34573 --- [hello-spring-api] [restartedMain] .m.m.a.ExceptionHandlerExceptionResolver : ControllerAdvice beans: 2 @ExceptionHandler, 1 ResponseBodyAdvice
2025-11-03T19:32:58.564+09:00  INFO 34573 --- [hello-spring-api] [restartedMain] o.s.b.d.a.OptionalLiveReloadServer       : LiveReload server is running on port 35729
2025-11-03T19:32:58.576+09:00  INFO 34573 --- [hello-spring-api] [restartedMain] o.s.b.w.embedded.tomcat.TomcatWebServer  : Tomcat started on port 8080 (http) with context path '/'
2025-11-03T19:32:58.581+09:00  INFO 34573 --- [hello-spring-api] [restartedMain] c.e.h.HellospringapiApplication          : Started HellospringapiApplication in 0.795 seconds (process running for 0.957)
2025-11-03T19:33:01.334+09:00  INFO 34573 --- [hello-spring-api] [http-nio-8080-exec-1] o.a.c.c.C.[Tomcat].[localhost].[/]       : Initializing Spring DispatcherServlet 'dispatcherServlet'
2025-11-03T19:33:01.334+09:00  INFO 34573 --- [hello-spring-api] [http-nio-8080-exec-1] o.s.web.servlet.DispatcherServlet        : Initializing Servlet 'dispatcherServlet'
2025-11-03T19:33:01.334+09:00 DEBUG 34573 --- [hello-spring-api] [http-nio-8080-exec-1] o.s.web.servlet.DispatcherServlet        : Detected StandardServletMultipartResolver
2025-11-03T19:33:01.334+09:00 DEBUG 34573 --- [hello-spring-api] [http-nio-8080-exec-1] o.s.web.servlet.DispatcherServlet        : Detected AcceptHeaderLocaleResolver
2025-11-03T19:33:01.335+09:00 DEBUG 34573 --- [hello-spring-api] [http-nio-8080-exec-1] o.s.web.servlet.DispatcherServlet        : Detected FixedThemeResolver
2025-11-03T19:33:01.335+09:00 DEBUG 34573 --- [hello-spring-api] [http-nio-8080-exec-1] o.s.web.servlet.DispatcherServlet        : Detected org.springframework.web.servlet.view.DefaultRequestToViewNameTranslator@49083b3f
2025-11-03T19:33:01.335+09:00 DEBUG 34573 --- [hello-spring-api] [http-nio-8080-exec-1] o.s.web.servlet.DispatcherServlet        : Detected org.springframework.web.servlet.support.SessionFlashMapManager@f39aba1
2025-11-03T19:33:01.335+09:00 DEBUG 34573 --- [hello-spring-api] [http-nio-8080-exec-1] o.s.web.servlet.DispatcherServlet        : enableLoggingRequestDetails='false': request parameters and headers will be masked to prevent unsafe logging of potentially sensitive data
2025-11-03T19:33:01.335+09:00  INFO 34573 --- [hello-spring-api] [http-nio-8080-exec-1] o.s.web.servlet.DispatcherServlet        : Completed initialization in 1 ms
2025-11-03T19:33:01.338+09:00 DEBUG 34573 --- [hello-spring-api] [http-nio-8080-exec-1] o.s.web.servlet.DispatcherServlet        : GET "/swagger-ui/index.html", parameters={}
2025-11-03T19:33:01.340+09:00 DEBUG 34573 --- [hello-spring-api] [http-nio-8080-exec-1] o.s.w.s.handler.SimpleUrlHandlerMapping  : Mapped to ResourceHttpRequestHandler [classpath [META-INF/resources/webjars/]]
2025-11-03T19:33:01.349+09:00 DEBUG 34573 --- [hello-spring-api] [http-nio-8080-exec-1] o.s.web.servlet.DispatcherServlet        : Completed 200 OK
2025-11-03T19:33:01.363+09:00 DEBUG 34573 --- [hello-spring-api] [http-nio-8080-exec-2] o.s.web.servlet.DispatcherServlet        : GET "/swagger-ui/swagger-initializer.js", parameters={}
2025-11-03T19:33:01.363+09:00 DEBUG 34573 --- [hello-spring-api] [http-nio-8080-exec-4] o.s.web.servlet.DispatcherServlet        : GET "/swagger-ui/swagger-ui.css", parameters={}
2025-11-03T19:33:01.363+09:00 DEBUG 34573 --- [hello-spring-api] [http-nio-8080-exec-5] o.s.web.servlet.DispatcherServlet        : GET "/swagger-ui/swagger-ui-bundle.js", parameters={}
2025-11-03T19:33:01.363+09:00 DEBUG 34573 --- [hello-spring-api] [http-nio-8080-exec-3] o.s.web.servlet.DispatcherServlet        : GET "/swagger-ui/index.css", parameters={}
2025-11-03T19:33:01.363+09:00 DEBUG 34573 --- [hello-spring-api] [http-nio-8080-exec-6] o.s.web.servlet.DispatcherServlet        : GET "/swagger-ui/swagger-ui-standalone-preset.js", parameters={}
2025-11-03T19:33:01.363+09:00 DEBUG 34573 --- [hello-spring-api] [http-nio-8080-exec-2] o.s.w.s.handler.SimpleUrlHandlerMapping  : Mapped to ResourceHttpRequestHandler [classpath [META-INF/resources/webjars/]]
2025-11-03T19:33:01.364+09:00 DEBUG 34573 --- [hello-spring-api] [http-nio-8080-exec-5] o.s.w.s.handler.SimpleUrlHandlerMapping  : Mapped to ResourceHttpRequestHandler [classpath [META-INF/resources/webjars/]]
2025-11-03T19:33:01.364+09:00 DEBUG 34573 --- [hello-spring-api] [http-nio-8080-exec-6] o.s.w.s.handler.SimpleUrlHandlerMapping  : Mapped to ResourceHttpRequestHandler [classpath [META-INF/resources/webjars/]]
2025-11-03T19:33:01.364+09:00 DEBUG 34573 --- [hello-spring-api] [http-nio-8080-exec-4] o.s.w.s.handler.SimpleUrlHandlerMapping  : Mapped to ResourceHttpRequestHandler [classpath [META-INF/resources/webjars/]]
2025-11-03T19:33:01.364+09:00 DEBUG 34573 --- [hello-spring-api] [http-nio-8080-exec-3] o.s.w.s.handler.SimpleUrlHandlerMapping  : Mapped to ResourceHttpRequestHandler [classpath [META-INF/resources/webjars/]]
2025-11-03T19:33:01.366+09:00 DEBUG 34573 --- [hello-spring-api] [http-nio-8080-exec-3] o.s.web.servlet.DispatcherServlet        : Completed 200 OK
2025-11-03T19:33:01.368+09:00 DEBUG 34573 --- [hello-spring-api] [http-nio-8080-exec-4] o.s.web.servlet.DispatcherServlet        : Completed 200 OK
2025-11-03T19:33:01.370+09:00 DEBUG 34573 --- [hello-spring-api] [http-nio-8080-exec-6] o.s.web.servlet.DispatcherServlet        : Completed 200 OK
2025-11-03T19:33:01.376+09:00 DEBUG 34573 --- [hello-spring-api] [http-nio-8080-exec-5] o.s.web.servlet.DispatcherServlet        : Completed 200 OK
2025-11-03T19:33:01.381+09:00 DEBUG 34573 --- [hello-spring-api] [http-nio-8080-exec-2] o.s.web.servlet.DispatcherServlet        : Completed 200 OK
2025-11-03T19:33:01.443+09:00 DEBUG 34573 --- [hello-spring-api] [http-nio-8080-exec-7] o.s.web.servlet.DispatcherServlet        : GET "/v3/api-docs/swagger-config", parameters={}
2025-11-03T19:33:01.443+09:00 DEBUG 34573 --- [hello-spring-api] [http-nio-8080-exec-8] o.s.web.servlet.DispatcherServlet        : GET "/swagger-ui/favicon-32x32.png", parameters={}
2025-11-03T19:33:01.443+09:00 DEBUG 34573 --- [hello-spring-api] [http-nio-8080-exec-8] o.s.w.s.handler.SimpleUrlHandlerMapping  : Mapped to ResourceHttpRequestHandler [classpath [META-INF/resources/webjars/]]
2025-11-03T19:33:01.444+09:00 DEBUG 34573 --- [hello-spring-api] [http-nio-8080-exec-7] s.w.s.m.m.a.RequestMappingHandlerMapping : Mapped to org.springdoc.webmvc.ui.SwaggerConfigResource#openapiJson(HttpServletRequest)
2025-11-03T19:33:01.444+09:00 DEBUG 34573 --- [hello-spring-api] [http-nio-8080-exec-8] o.s.web.servlet.DispatcherServlet        : Completed 200 OK
2025-11-03T19:33:01.451+09:00 DEBUG 34573 --- [hello-spring-api] [http-nio-8080-exec-7] m.m.a.RequestResponseBodyMethodProcessor : Using 'application/json', given [*/*] and supported [application/json]
2025-11-03T19:33:01.459+09:00 DEBUG 34573 --- [hello-spring-api] [http-nio-8080-exec-7] m.m.a.RequestResponseBodyMethodProcessor : Writing [{configUrl=/v3/api-docs/swagger-config, oauth2RedirectUrl=http://localhost:8080/swagger-ui/oauth2-re (truncated)...]
2025-11-03T19:33:01.461+09:00 DEBUG 34573 --- [hello-spring-api] [http-nio-8080-exec-7] o.s.web.servlet.DispatcherServlet        : Completed 200 OK
2025-11-03T19:33:01.465+09:00 DEBUG 34573 --- [hello-spring-api] [http-nio-8080-exec-9] o.s.web.servlet.DispatcherServlet        : GET "/v3/api-docs", parameters={}
2025-11-03T19:33:01.466+09:00 DEBUG 34573 --- [hello-spring-api] [http-nio-8080-exec-9] s.w.s.m.m.a.RequestMappingHandlerMapping : Mapped to org.springdoc.webmvc.api.OpenApiWebMvcResource#openapiJson(HttpServletRequest, String, Locale)
2025-11-03T19:33:01.581+09:00  INFO 34573 --- [hello-spring-api] [http-nio-8080-exec-9] o.springdoc.api.AbstractOpenApiResource  : Init duration for springdoc-openapi is: 111 ms
2025-11-03T19:33:01.594+09:00 DEBUG 34573 --- [hello-spring-api] [http-nio-8080-exec-9] m.m.a.RequestResponseBodyMethodProcessor : Using 'application/json', given [application/json, */*] and supported [application/json]
2025-11-03T19:33:01.595+09:00 DEBUG 34573 --- [hello-spring-api] [http-nio-8080-exec-9] m.m.a.RequestResponseBodyMethodProcessor : Writing [{123, 34, 111, 112, 101, 110, 97, 112, 105, 34, 58, 34, 51, 46, 48, 46, 49, 34, 44, 34, 105, 110, 10 (truncated)...]
2025-11-03T19:33:01.595+09:00 DEBUG 34573 --- [hello-spring-api] [http-nio-8080-exec-9] o.s.web.servlet.DispatcherServlet        : Completed 200 OK
2025-11-03T19:36:55.784+09:00  INFO 34573 --- [hello-spring-api] [SpringApplicationShutdownHook] o.s.b.w.e.tomcat.GracefulShutdown        : Commencing graceful shutdown. Waiting for active requests to complete
2025-11-03T19:36:55.795+09:00  INFO 34573 --- [hello-spring-api] [tomcat-shutdown] o.s.b.w.e.tomcat.GracefulShutdown        : Graceful shutdown complete
